<?xml version="1.0" encoding="UTF-8" ?>
<testsuite failures="0" time="186.891" errors="2" skipped="1" tests="24" name="skeleton.RunCukesTest">
  <properties>
[...]
</properties>
  <testcase time="0.017" classname="Scenario: a few cukes" name="Given I have 42 cukes in my belly"/>
  <testcase time="0" classname="Scenario: a few cukes" name="When I wait 1 hour"/>
  <testcase time="0" classname="Scenario: a few cukes" name="Then my belly should GROWL"/>
  <testcase time="0" classname="Scenario: a few cukes" name="Scenario: a few cukes"/>
  <testcase time="0.001" classname="Scenario: not enough Cukes" name="Given I have 10 cukes in my belly"/>
  <testcase time="0" classname="Scenario: not enough Cukes" name="When I wait 1 hour"/>
  <testcase time="0" classname="Scenario: not enough Cukes" name="Then my belly should be silent"/>
  <testcase time="0.129" classname="Scenario: not enough Cukes" name="Scenario: not enough Cukes"/>
  <testcase time="0" classname="Scenario: Google Sign in" name="Given I am on https:\/\/www.google.com"/>
  <testcase time="0" classname="Scenario: Google Sign in" name="When I click Sign in"/>
  <testcase time="0.001" classname="Scenario: Google Sign in" name="Then I should be on Sign in - Google Accounts"/>
  <testcase time="0.517" classname="Scenario: Google Sign in" name="Scenario: Google Sign in"/>
  <testcase time="0" classname="| http:\/\/www.bbc.co.uk | News | Home - BBC News |" name="Given I am on http:\/\/www.bbc.co.uk"/>
  <testcase time="0.165" classname="| http:\/\/www.bbc.co.uk | News | Home - BBC News |" name="When I click News">
    <error message="Unable to locate element: {&quot;method&quot;:&quot;link text&quot;,&quot;selector&quot;:&quot;News&quot;}
Command duration or timeout: 29.23 seconds
For documentation on this error, please visit: http://seleniumhq.org/exceptions/no_such_element.html
Build info: version: &apos;2.46.0&apos;, revision: &apos;61506a4624b13675f24581e453592342b7485d71&apos;, time: &apos;2015-06-04 10:22:50&apos;
System info: host: &apos;sophiedarlings-cukesautomation-2280215&apos;, ip: &apos;172.17.35.198&apos;, os.name: &apos;Linux&apos;, os.arch: &apos;amd64&apos;, os.version: &apos;4.2.0-c9&apos;, java.version: &apos;1.7.0_85&apos;
*** Element info: {Using=link text, value=News}
Session ID: c7bce8ac-e334-464f-b1b6-8ebf36ffcc73
Driver info: org.openqa.selenium.firefox.FirefoxDriver
Capabilities [{platform=LINUX, acceptSslCerts=true, javascriptEnabled=true, cssSelectorsEnabled=true, databaseEnabled=true, browserName=firefox, handlesAlerts=true, nativeEvents=false, webStorageEnabled=true, rotatable=false, locationContextEnabled=true, applicationCacheEnabled=true, takesScreenshot=true, version=41.0.2}]" type="org.openqa.selenium.NoSuchElementException">org.openqa.selenium.NoSuchElementException: Unable to locate element: {&quot;method&quot;:&quot;link text&quot;,&quot;selector&quot;:&quot;News&quot;}
Command duration or timeout: 29.23 seconds
For documentation on this error, please visit: http://seleniumhq.org/exceptions/no_such_element.html
Build info: version: &apos;2.46.0&apos;, revision: &apos;61506a4624b13675f24581e453592342b7485d71&apos;, time: &apos;2015-06-04 10:22:50&apos;
System info: host: &apos;sophiedarlings-cukesautomation-2280215&apos;, ip: &apos;172.17.35.198&apos;, os.name: &apos;Linux&apos;, os.arch: &apos;amd64&apos;, os.version: &apos;4.2.0-c9&apos;, java.version: &apos;1.7.0_85&apos;
*** Element info: {Using=link text, value=News}
Session ID: c7bce8ac-e334-464f-b1b6-8ebf36ffcc73
Driver info: org.openqa.selenium.firefox.FirefoxDriver
Capabilities [{platform=LINUX, acceptSslCerts=true, javascriptEnabled=true, cssSelectorsEnabled=true, databaseEnabled=true, browserName=firefox, handlesAlerts=true, nativeEvents=false, webStorageEnabled=true, rotatable=false, locationContextEnabled=true, applicationCacheEnabled=true, takesScreenshot=true, version=41.0.2}]
	at sun.reflect.NativeConstructorAccessorImpl.newInstance0(Native Method)
	at sun.reflect.NativeConstructorAccessorImpl.newInstance(NativeConstructorAccessorImpl.java:57)
	at sun.reflect.DelegatingConstructorAccessorImpl.newInstance(DelegatingConstructorAccessorImpl.java:45)
	at java.lang.reflect.Constructor.newInstance(Constructor.java:526)
	at org.openqa.selenium.remote.ErrorHandler.createThrowable(ErrorHandler.java:204)
	at org.openqa.selenium.remote.ErrorHandler.throwIfResponseFailed(ErrorHandler.java:156)
	at org.openqa.selenium.remote.RemoteWebDriver.execute(RemoteWebDriver.java:605)
	at org.openqa.selenium.remote.RemoteWebDriver.findElement(RemoteWebDriver.java:358)
	at org.openqa.selenium.remote.RemoteWebDriver.findElementByLinkText(RemoteWebDriver.java:407)
	at org.openqa.selenium.By$ByLinkText.findElement(By.java:243)
	at org.openqa.selenium.remote.RemoteWebDriver.findElement(RemoteWebDriver.java:350)
	at skeleton.Browse_Stepdefs.i_click(Browse_Stepdefs.java:40)
	at ✽.When I click News(skeleton/browse.feature:13)
Caused by: org.openqa.selenium.NoSuchElementException: Unable to locate element: {&quot;method&quot;:&quot;link text&quot;,&quot;selector&quot;:&quot;News&quot;}
For documentation on this error, please visit: http://seleniumhq.org/exceptions/no_such_element.html
Build info: version: &apos;2.46.0&apos;, revision: &apos;61506a4624b13675f24581e453592342b7485d71&apos;, time: &apos;2015-06-04 10:22:50&apos;
System info: host: &apos;sophiedarlings-cukesautomation-2280215&apos;, ip: &apos;172.17.35.198&apos;, os.name: &apos;Linux&apos;, os.arch: &apos;amd64&apos;, os.version: &apos;4.2.0-c9&apos;, java.version: &apos;1.7.0_85&apos;
Driver info: driver.version: unknown
	at &lt;anonymous class&gt;.FirefoxDriver.prototype.findElementInternal_(file:///tmp/anonymous6499533718588524618webdriver-profile/extensions/fxdriver@googlecode.com/components/driver-component.js:10299)
	at &lt;anonymous class&gt;.FirefoxDriver.prototype.findElement(file:///tmp/anonymous6499533718588524618webdriver-profile/extensions/fxdriver@googlecode.com/components/driver-component.js:10308)
	at &lt;anonymous class&gt;.DelayedCommand.prototype.executeInternal_/h(file:///tmp/anonymous6499533718588524618webdriver-profile/extensions/fxdriver@googlecode.com/components/command-processor.js:12282)
	at &lt;anonymous class&gt;.DelayedCommand.prototype.executeInternal_(file:///tmp/anonymous6499533718588524618webdriver-profile/extensions/fxdriver@googlecode.com/components/command-processor.js:12287)
	at &lt;anonymous class&gt;.DelayedCommand.prototype.execute/&lt;(file:///tmp/anonymous6499533718588524618webdriver-profile/extensions/fxdriver@googlecode.com/components/command-processor.js:12229)
</error>
  </testcase>
  <testcase time="0.196" classname="| http:\/\/www.bbc.co.uk | News | Home - BBC News |" name="| http:\/\/www.bbc.co.uk | News | Home - BBC News |">
    <error message="Unable to locate element: {&quot;method&quot;:&quot;link text&quot;,&quot;selector&quot;:&quot;News&quot;}
Command duration or timeout: 29.23 seconds
For documentation on this error, please visit: http://seleniumhq.org/exceptions/no_such_element.html
Build info: version: &apos;2.46.0&apos;, revision: &apos;61506a4624b13675f24581e453592342b7485d71&apos;, time: &apos;2015-06-04 10:22:50&apos;
System info: host: &apos;sophiedarlings-cukesautomation-2280215&apos;, ip: &apos;172.17.35.198&apos;, os.name: &apos;Linux&apos;, os.arch: &apos;amd64&apos;, os.version: &apos;4.2.0-c9&apos;, java.version: &apos;1.7.0_85&apos;
*** Element info: {Using=link text, value=News}
Session ID: c7bce8ac-e334-464f-b1b6-8ebf36ffcc73
Driver info: org.openqa.selenium.firefox.FirefoxDriver
Capabilities [{platform=LINUX, acceptSslCerts=true, javascriptEnabled=true, cssSelectorsEnabled=true, databaseEnabled=true, browserName=firefox, handlesAlerts=true, nativeEvents=false, webStorageEnabled=true, rotatable=false, locationContextEnabled=true, applicationCacheEnabled=true, takesScreenshot=true, version=41.0.2}]" type="org.openqa.selenium.NoSuchElementException">org.openqa.selenium.NoSuchElementException: Unable to locate element: {&quot;method&quot;:&quot;link text&quot;,&quot;selector&quot;:&quot;News&quot;}
Command duration or timeout: 29.23 seconds
For documentation on this error, please visit: http://seleniumhq.org/exceptions/no_such_element.html
Build info: version: &apos;2.46.0&apos;, revision: &apos;61506a4624b13675f24581e453592342b7485d71&apos;, time: &apos;2015-06-04 10:22:50&apos;
System info: host: &apos;sophiedarlings-cukesautomation-2280215&apos;, ip: &apos;172.17.35.198&apos;, os.name: &apos;Linux&apos;, os.arch: &apos;amd64&apos;, os.version: &apos;4.2.0-c9&apos;, java.version: &apos;1.7.0_85&apos;
*** Element info: {Using=link text, value=News}
Session ID: c7bce8ac-e334-464f-b1b6-8ebf36ffcc73
Driver info: org.openqa.selenium.firefox.FirefoxDriver
Capabilities [{platform=LINUX, acceptSslCerts=true, javascriptEnabled=true, cssSelectorsEnabled=true, databaseEnabled=true, browserName=firefox, handlesAlerts=true, nativeEvents=false, webStorageEnabled=true, rotatable=false, locationContextEnabled=true, applicationCacheEnabled=true, takesScreenshot=true, version=41.0.2}]
	at sun.reflect.NativeConstructorAccessorImpl.newInstance0(Native Method)
	at sun.reflect.NativeConstructorAccessorImpl.newInstance(NativeConstructorAccessorImpl.java:57)
	at sun.reflect.DelegatingConstructorAccessorImpl.newInstance(DelegatingConstructorAccessorImpl.java:45)
	at java.lang.reflect.Constructor.newInstance(Constructor.java:526)
	at org.openqa.selenium.remote.ErrorHandler.createThrowable(ErrorHandler.java:204)
	at org.openqa.selenium.remote.ErrorHandler.throwIfResponseFailed(ErrorHandler.java:156)
	at org.openqa.selenium.remote.RemoteWebDriver.execute(RemoteWebDriver.java:605)
	at org.openqa.selenium.remote.RemoteWebDriver.findElement(RemoteWebDriver.java:358)
	at org.openqa.selenium.remote.RemoteWebDriver.findElementByLinkText(RemoteWebDriver.java:407)
	at org.openqa.selenium.By$ByLinkText.findElement(By.java:243)
	at org.openqa.selenium.remote.RemoteWebDriver.findElement(RemoteWebDriver.java:350)
	at skeleton.Browse_Stepdefs.i_click(Browse_Stepdefs.java:40)
	at ✽.When I click News(skeleton/browse.feature:13)
Caused by: org.openqa.selenium.NoSuchElementException: Unable to locate element: {&quot;method&quot;:&quot;link text&quot;,&quot;selector&quot;:&quot;News&quot;}
For documentation on this error, please visit: http://seleniumhq.org/exceptions/no_such_element.html
Build info: version: &apos;2.46.0&apos;, revision: &apos;61506a4624b13675f24581e453592342b7485d71&apos;, time: &apos;2015-06-04 10:22:50&apos;
System info: host: &apos;sophiedarlings-cukesautomation-2280215&apos;, ip: &apos;172.17.35.198&apos;, os.name: &apos;Linux&apos;, os.arch: &apos;amd64&apos;, os.version: &apos;4.2.0-c9&apos;, java.version: &apos;1.7.0_85&apos;
Driver info: driver.version: unknown
	at &lt;anonymous class&gt;.FirefoxDriver.prototype.findElementInternal_(file:///tmp/anonymous6499533718588524618webdriver-profile/extensions/fxdriver@googlecode.com/components/driver-component.js:10299)
	at &lt;anonymous class&gt;.FirefoxDriver.prototype.findElement(file:///tmp/anonymous6499533718588524618webdriver-profile/extensions/fxdriver@googlecode.com/components/driver-component.js:10308)
	at &lt;anonymous class&gt;.DelayedCommand.prototype.executeInternal_/h(file:///tmp/anonymous6499533718588524618webdriver-profile/extensions/fxdriver@googlecode.com/components/command-processor.js:12282)
	at &lt;anonymous class&gt;.DelayedCommand.prototype.executeInternal_(file:///tmp/anonymous6499533718588524618webdriver-profile/extensions/fxdriver@googlecode.com/components/command-processor.js:12287)
	at &lt;anonymous class&gt;.DelayedCommand.prototype.execute/&lt;(file:///tmp/anonymous6499533718588524618webdriver-profile/extensions/fxdriver@googlecode.com/components/command-processor.js:12229)
</error>
  </testcase>
  <testcase time="0.197" classname="| http:\/\/www.bbc.co.uk | News | Home - BBC News |" name="Then I should be on Home - BBC News">
    <skipped/>
  </testcase>
  <testcase time="0" classname="| http:\/\/www.bbc.co.uk | Sport | BBC Sport - Sport |" name="Given I am on http:\/\/www.bbc.co.uk"/>
  <testcase time="0" classname="| http:\/\/www.bbc.co.uk | Sport | BBC Sport - Sport |" name="When I click Sport"/>
  <testcase time="0" classname="| http:\/\/www.bbc.co.uk | Sport | BBC Sport - Sport |" name="Then I should be on BBC Sport - Sport"/>
  <testcase time="0.292" classname="| http:\/\/www.bbc.co.uk | Sport | BBC Sport - Sport |" name="| http:\/\/www.bbc.co.uk | Sport | BBC Sport - Sport |"/>
  <testcase time="0.001" classname="| http:\/\/www.bbc.co.uk | Weather | BBC Weather |" name="Given I am on http:\/\/www.bbc.co.uk"/>
  <testcase time="0" classname="| http:\/\/www.bbc.co.uk | Weather | BBC Weather |" name="When I click Weather"/>
  <testcase time="0" classname="| http:\/\/www.bbc.co.uk | Weather | BBC Weather |" name="Then I should be on BBC Weather"/>
  <testcase time="0.9" classname="| http:\/\/www.bbc.co.uk | Weather | BBC Weather |" name="| http:\/\/www.bbc.co.uk | Weather | BBC Weather |"/>
</testsuite>